Files already downloaded and verified
pgd white-box attack
err pgd (white-box):  tensor(89., device='cuda:0')
err pgd (white-box):  tensor(90., device='cuda:0')
err pgd (white-box):  tensor(80., device='cuda:0')
err pgd (white-box):  tensor(88., device='cuda:0')
err pgd (white-box):  tensor(76., device='cuda:0')
err pgd (white-box):  tensor(74., device='cuda:0')
err pgd (white-box):  tensor(91., device='cuda:0')
err pgd (white-box):  tensor(83., device='cuda:0')
err pgd (white-box):  tensor(94., device='cuda:0')
err pgd (white-box):  tensor(87., device='cuda:0')
err pgd (white-box):  tensor(92., device='cuda:0')
err pgd (white-box):  tensor(85., device='cuda:0')
err pgd (white-box):  tensor(97., device='cuda:0')
err pgd (white-box):  tensor(76., device='cuda:0')
err pgd (white-box):  tensor(77., device='cuda:0')
err pgd (white-box):  tensor(79., device='cuda:0')
err pgd (white-box):  tensor(86., device='cuda:0')
err pgd (white-box):  tensor(85., device='cuda:0')
err pgd (white-box):  tensor(80., device='cuda:0')
err pgd (white-box):  tensor(87., device='cuda:0')
err pgd (white-box):  tensor(78., device='cuda:0')
err pgd (white-box):  tensor(72., device='cuda:0')
err pgd (white-box):  tensor(89., device='cuda:0')
err pgd (white-box):  tensor(82., device='cuda:0')
err pgd (white-box):  tensor(92., device='cuda:0')
err pgd (white-box):  tensor(94., device='cuda:0')
err pgd (white-box):  tensor(85., device='cuda:0')
err pgd (white-box):  tensor(87., device='cuda:0')
err pgd (white-box):  tensor(79., device='cuda:0')
err pgd (white-box):  tensor(91., device='cuda:0')
err pgd (white-box):  tensor(94., device='cuda:0')
err pgd (white-box):  tensor(78., device='cuda:0')
err pgd (white-box):  tensor(89., device='cuda:0')
err pgd (white-box):  tensor(85., device='cuda:0')
err pgd (white-box):  tensor(103., device='cuda:0')
err pgd (white-box):  tensor(82., device='cuda:0')
err pgd (white-box):  tensor(95., device='cuda:0')
err pgd (white-box):  tensor(89., device='cuda:0')
err pgd (white-box):  tensor(88., device='cuda:0')
err pgd (white-box):  tensor(89., device='cuda:0')
err pgd (white-box):  tensor(84., device='cuda:0')
err pgd (white-box):  tensor(99., device='cuda:0')
err pgd (white-box):  tensor(86., device='cuda:0')
err pgd (white-box):  tensor(90., device='cuda:0')
err pgd (white-box):  tensor(79., device='cuda:0')
err pgd (white-box):  tensor(74., device='cuda:0')
err pgd (white-box):  tensor(83., device='cuda:0')
err pgd (white-box):  tensor(89., device='cuda:0')
err pgd (white-box):  tensor(86., device='cuda:0')
err pgd (white-box):  tensor(82., device='cuda:0')
natural_err_total:  tensor(1508., device='cuda:0')
natural_err_perc:  tensor(0.1508, device='cuda:0')
robust_err_total:  tensor(4289., device='cuda:0')
robust_err_perc:  tensor(0.4289, device='cuda:0')
